[02-Dec-2014 17:09:23 UTC] PHP Fatal error:  Class 'TGM_Bulk_Installer' not found in /home/ubuntu/workspace/wp-content/themes/responsive/core/includes/classes/class-tgm-plugin-activation.php on line 1558
[08-Dec-2014 16:37:05 UTC] WordPress database error Duplicate column name 'notes' for query 
--  Upgrading to Cart66 1.0.1

alter table `wp_cart66_accounts` add column `notes` text not null made by activate_plugin, do_action('activate_cart66-lite/cart66.php'), call_user_func_array, Cart66->install
[08-Dec-2014 16:37:05 UTC] WordPress database error Duplicate column name 'start_recurring_number' for query 
--  Upgrading to Cart66 1.0.3

alter table `wp_cart66_products` add column `start_recurring_number` int(10) unsigned not null default 1 made by activate_plugin, do_action('activate_cart66-lite/cart66.php'), call_user_func_array, Cart66->install
[08-Dec-2014 16:37:05 UTC] WordPress database error Duplicate column name 'start_recurring_unit' for query alter table `wp_cart66_products` add column `start_recurring_unit` varchar(50) not null made by activate_plugin, do_action('activate_cart66-lite/cart66.php'), call_user_func_array, Cart66->install
[08-Dec-2014 16:37:05 UTC] WordPress database error Duplicate column name 'price_description' for query alter table `wp_cart66_products` add column `price_description` varchar(255) not null made by activate_plugin, do_action('activate_cart66-lite/cart66.php'), call_user_func_array, Cart66->install
[08-Dec-2014 16:37:06 UTC] WordPress database error Duplicate column name 'is_membership_product' for query 
-- Upgrading to Cart66 1.0.8

alter table `wp_cart66_products` add column `is_membership_product` tinyint(1) not null default 0 made by activate_plugin, do_action('activate_cart66-lite/cart66.php'), call_user_func_array, Cart66->install
[08-Dec-2014 16:37:06 UTC] WordPress database error Duplicate column name 'lifetime_membership' for query alter table `wp_cart66_products` add column `lifetime_membership` tinyint(1) not null default 0 made by activate_plugin, do_action('activate_cart66-lite/cart66.php'), call_user_func_array, Cart66->install
[08-Dec-2014 16:37:06 UTC] WordPress database error Duplicate column name 's3_bucket' for query alter table `wp_cart66_products` add column `s3_bucket` varchar(200) not null made by activate_plugin, do_action('activate_cart66-lite/cart66.php'), call_user_func_array, Cart66->install
[08-Dec-2014 16:37:06 UTC] WordPress database error Duplicate column name 's3_file' for query alter table `wp_cart66_products` add column `s3_file` varchar(200) not null made by activate_plugin, do_action('activate_cart66-lite/cart66.php'), call_user_func_array, Cart66->install
[08-Dec-2014 16:37:06 UTC] WordPress database error Duplicate column name 'lifetime' for query alter table `wp_cart66_account_subscriptions` add column `lifetime` tinyint(1) not null default 0 made by activate_plugin, do_action('activate_cart66-lite/cart66.php'), call_user_func_array, Cart66->install
[08-Dec-2014 16:37:06 UTC] WordPress database error Duplicate column name 'viewed' for query 
#add viewed column with all current orders getting a 1
alter table `wp_cart66_orders` add column `viewed` tinyint(1) not null default '1' made by activate_plugin, do_action('activate_cart66-lite/cart66.php'), call_user_func_array, Cart66->install
[08-Dec-2014 16:37:06 UTC] WordPress database error Duplicate column name 'authorization' for query alter table `wp_cart66_orders` add column `authorization` varchar(50) not null made by activate_plugin, do_action('activate_cart66-lite/cart66.php'), call_user_func_array, Cart66->install
[08-Dec-2014 16:37:06 UTC] WordPress database error Duplicate column name 'gravity_form_pricing' for query alter table `wp_cart66_products` add column `gravity_form_pricing` tinyint(1) unsigned not null default 0 made by activate_plugin, do_action('activate_cart66-lite/cart66.php'), call_user_func_array, Cart66->install
[08-Dec-2014 16:37:06 UTC] WordPress database error Duplicate column name 'authorization' for query alter table `wp_cart66_orders` add column `authorization` varchar(50) not null made by activate_plugin, do_action('activate_cart66-lite/cart66.php'), call_user_func_array, Cart66->install
[08-Dec-2014 16:46:24 UTC] PHP Warning:  mkdir(): Permission denied in /home/ubuntu/workspace/wp-content/plugins/cart66-lite/admin/settings/main.php on line 215
